"C:/Users/sulai/OneDrive/Desktop/BrackeysGameJam2020/Content/AI/BP_EQSTestingPawn.uasset" 0
"../../../Engine/Content/Animation/DefaultAnimBoneCompressionSettings.uasset" 1
"../../../Engine/Content/EngineMeshes/Humanoid.uasset" 2
"C:/Users/sulai/OneDrive/Desktop/BrackeysGameJam2020/Content/Mannequin/Character/Mesh/UE4_Mannequin_Skeleton.uasset" 3
"C:/Users/sulai/OneDrive/Desktop/BrackeysGameJam2020/Content/AI/Animations/ALSRunBL.uasset" 4
"C:/Users/sulai/OneDrive/Desktop/BrackeysGameJam2020/Content/AI/Animations/ALSRunBR.uasset" 5
"C:/Users/sulai/OneDrive/Desktop/BrackeysGameJam2020/Content/AI/NewEnemies/Enemy2/SK_Enemy2_PhysicsAsset.uasset" 6
"C:/Users/sulai/OneDrive/Desktop/BrackeysGameJam2020/Content/AI/NewEnemies/SK_Armature_Skeleton.uasset" 7
"C:/Users/sulai/OneDrive/Desktop/BrackeysGameJam2020/Content/AI/NewEnemies/Enemy2/SK_Enemy2.uasset" 8
"C:/Users/sulai/OneDrive/Desktop/BrackeysGameJam2020/Content/AI/NewEnemies/BoneMapping.uasset" 9
"C:/Users/sulai/OneDrive/Desktop/BrackeysGameJam2020/Content/AI/NewEnemy/BoneMapping.uasset" 10
"C:/Users/sulai/OneDrive/Desktop/BrackeysGameJam2020/Content/AI/NewEnemies/Enemy1/SK_Enemy1_PhysicsAsset.uasset" 11
"C:/Users/sulai/OneDrive/Desktop/BrackeysGameJam2020/Content/AI/NewEnemies/Enemy1/SK_Enemy1.uasset" 12
"C:/Users/sulai/OneDrive/Desktop/BrackeysGameJam2020/Content/AI/NewEnemies/SK_Armature.uasset" 13
"C:/Users/sulai/OneDrive/Desktop/BrackeysGameJam2020/Content/AI/NewEnemy/SK_Armature.uasset" 14
"C:/Users/sulai/OneDrive/Desktop/BrackeysGameJam2020/Content/AI/NewEnemies/SK_Armature_PhysicsAsset.uasset" 15
"C:/Users/sulai/OneDrive/Desktop/BrackeysGameJam2020/Content/AI/NewEnemy/SK_Armature_PhysicsAsset.uasset" 16
"C:/Users/sulai/OneDrive/Desktop/BrackeysGameJam2020/Content/AI/NewEnemy/SK_Armature_Skeleton.uasset" 17
"C:/Users/sulai/OneDrive/Desktop/BrackeysGameJam2020/Content/AI/NewEnemies/Animation/ALSRunBackwards.uasset" 18
"C:/Users/sulai/OneDrive/Desktop/BrackeysGameJam2020/Content/AI/NewEnemy/Animation/ALSRunBackwards.uasset" 19
"C:/Users/sulai/OneDrive/Desktop/BrackeysGameJam2020/Content/AI/NewEnemies/Animation/ALSRunFL.uasset" 20
"C:/Users/sulai/OneDrive/Desktop/BrackeysGameJam2020/Content/AI/NewEnemy/Animation/ALSRunFL.uasset" 21
"C:/Users/sulai/OneDrive/Desktop/BrackeysGameJam2020/Content/AI/NewEnemies/Animation/ALSRunFR.uasset" 22
"C:/Users/sulai/OneDrive/Desktop/BrackeysGameJam2020/Content/AI/NewEnemy/Animation/ALSRunFR.uasset" 23
"C:/Users/sulai/OneDrive/Desktop/BrackeysGameJam2020/Content/AI/NewEnemies/Animation/ThirdPersonIdle.uasset" 24
"C:/Users/sulai/OneDrive/Desktop/BrackeysGameJam2020/Content/AI/NewEnemies/Animation/ThirdPersonRun.uasset" 25
"C:/Users/sulai/OneDrive/Desktop/BrackeysGameJam2020/Content/AI/NewEnemies/Animation/ThirdPersonWalk.uasset" 26
"C:/Users/sulai/OneDrive/Desktop/BrackeysGameJam2020/Content/AI/NewEnemies/Animation/BS_AIMovement.uasset" 27
"C:/Users/sulai/OneDrive/Desktop/BrackeysGameJam2020/Content/AI/NewEnemy/Animation/BS_AIMovement.uasset" 28
"../../../Engine/Content/EditorBlueprintResources/StandardMacros.uasset" 29
"C:/Users/sulai/OneDrive/Desktop/BrackeysGameJam2020/Content/AI/Interfaces/AIThrowInterface.uasset" 30
"C:/Users/sulai/OneDrive/Desktop/BrackeysGameJam2020/Content/AI/NewEnemies/Animation/Mannequin_AnimBP.uasset" 31
"C:/Users/sulai/OneDrive/Desktop/BrackeysGameJam2020/Content/AI/NewEnemy/Animation/Mannequin_AnimBP.uasset" 32
"C:/Users/sulai/OneDrive/Desktop/BrackeysGameJam2020/Content/AI/NewEnemy/Animation/ThirdPersonIdle.uasset" 33
"C:/Users/sulai/OneDrive/Desktop/BrackeysGameJam2020/Content/AI/NewEnemy/Animation/ThirdPersonRun.uasset" 34
"C:/Users/sulai/OneDrive/Desktop/BrackeysGameJam2020/Content/AI/NewEnemy/Animation/ThirdPersonWalk.uasset" 35
"C:/Users/sulai/OneDrive/Desktop/BrackeysGameJam2020/Content/AI/NewEnemies/Animation/Throw1.uasset" 36
"C:/Users/sulai/OneDrive/Desktop/BrackeysGameJam2020/Content/AI/NewEnemy/Animation/Throw1.uasset" 37
"C:/Users/sulai/OneDrive/Desktop/BrackeysGameJam2020/Content/AI/NewEnemies/Animation/Throw_Montage.uasset" 38
"C:/Users/sulai/OneDrive/Desktop/BrackeysGameJam2020/Content/AI/NewEnemy/Animation/Throw_Montage.uasset" 39
"../../../Engine/Content/Functions/Engine_MaterialFunctions01/Opacity/CameraDepthFade.uasset" 40
"../../../Engine/Content/EngineMaterials/T_Default_Material_Grid_M.uasset" 41
"../../../Engine/Content/EngineMaterials/T_Default_Material_Grid_N.uasset" 42
"../../../Engine/Content/EngineMaterials/WorldGridMaterial.uasset" 43
"C:/Users/sulai/OneDrive/Desktop/BrackeysGameJam2020/Content/Assets/SM_BaseBlock.uasset" 44
"../../../Engine/Content/EngineMeshes/Sphere.uasset" 45
"C:/Users/sulai/OneDrive/Desktop/BrackeysGameJam2020/Content/Blueprints/BP_HealthPickup.uasset" 46
"../../../Engine/Content/MapTemplates/Materials/BasicAsset01.uasset" 47
"C:/Users/sulai/OneDrive/Desktop/BrackeysGameJam2020/Content/Blueprints/BP_PlayerProjectile.uasset" 48
"C:/Users/sulai/OneDrive/Desktop/BrackeysGameJam2020/Content/Blueprints/BP_Dodgeball.uasset" 49
"C:/Users/sulai/OneDrive/Desktop/BrackeysGameJam2020/Content/Blueprints/BP_Projectile.uasset" 50
"C:/Users/sulai/OneDrive/Desktop/BrackeysGameJam2020/Content/Mannequin/Animations/ThirdPersonJump_End.uasset" 51
"C:/Users/sulai/OneDrive/Desktop/BrackeysGameJam2020/Content/Mannequin/Animations/ThirdPerson_Jump.uasset" 52
"C:/Users/sulai/OneDrive/Desktop/BrackeysGameJam2020/Content/Mannequin/Animations/ThirdPersonJump_Loop.uasset" 53
"C:/Users/sulai/OneDrive/Desktop/BrackeysGameJam2020/Content/Mannequin/Animations/ThirdPersonJump_Start.uasset" 54
"C:/Users/sulai/OneDrive/Desktop/BrackeysGameJam2020/Content/Mannequin/Animations/ThirdPersonIdle.uasset" 55
"C:/Users/sulai/OneDrive/Desktop/BrackeysGameJam2020/Content/Mannequin/Animations/ThirdPersonRun.uasset" 56
"C:/Users/sulai/OneDrive/Desktop/BrackeysGameJam2020/Content/Mannequin/Animations/ThirdPersonWalk.uasset" 57
"C:/Users/sulai/OneDrive/Desktop/BrackeysGameJam2020/Content/Mannequin/Animations/ThirdPerson_IdleRun_2D.uasset" 58
"C:/Users/sulai/OneDrive/Desktop/BrackeysGameJam2020/Content/Mannequin/Animations/ThirdPerson_AnimBP.uasset" 59
"C:/Users/sulai/OneDrive/Desktop/BrackeysGameJam2020/Content/Materials/M_Base_02.uasset" 60
"C:/Users/sulai/OneDrive/Desktop/BrackeysGameJam2020/Content/Materials/Instances/M_Base_02_Inst.uasset" 61
"C:/Users/sulai/OneDrive/Desktop/BrackeysGameJam2020/Content/Materials/M_Base_02_Inst.uasset" 62
"C:/Users/sulai/OneDrive/Desktop/BrackeysGameJam2020/Content/Materials/M_OutlinePost.uasset" 63
"C:/Users/sulai/OneDrive/Desktop/BrackeysGameJam2020/Content/Materials/M_Outline_Post.uasset" 64
"../../../Engine/Content/Functions/Engine_MaterialFunctions01/ImageAdjustment/BlurSampleOffsets.uasset" 65
"../../../Engine/Content/Functions/Engine_MaterialFunctions02/SampleSceneDepth.uasset" 66
"C:/Users/sulai/OneDrive/Desktop/BrackeysGameJam2020/Content/Materials/M_CelShadingPost.uasset" 67
"C:/Users/sulai/OneDrive/Desktop/BrackeysGameJam2020/Content/Materials/Instances/M_CelShadingPost_Inst.uasset" 68
"C:/Users/sulai/OneDrive/Desktop/BrackeysGameJam2020/Content/Materials/M_Base.uasset" 69
"C:/Users/sulai/OneDrive/Desktop/BrackeysGameJam2020/Content/Materials/Instances/M_Headband_Inst.uasset" 70
"C:/Users/sulai/OneDrive/Desktop/BrackeysGameJam2020/Content/Materials/Instances/M_Skin_Inst.uasset" 71
"C:/Users/sulai/OneDrive/Desktop/BrackeysGameJam2020/Content/Materials/Instances/M_Glove_Inst.uasset" 72
"C:/Users/sulai/OneDrive/Desktop/BrackeysGameJam2020/Content/Materials/Instances/M_Wood_Inst.uasset" 73
"C:/Users/sulai/OneDrive/Desktop/BrackeysGameJam2020/Content/Materials/Instances/M_LightWood_Inst.uasset" 74
"C:/Users/sulai/OneDrive/Desktop/BrackeysGameJam2020/Content/Materials/Instances/M_Green_Inst.uasset" 75
"C:/Users/sulai/OneDrive/Desktop/BrackeysGameJam2020/Content/Materials/Instances/M_OutlinePost_Inst.uasset" 76
"C:/Users/sulai/OneDrive/Desktop/BrackeysGameJam2020/Content/Materials/Instances/M_RedOak_Inst.uasset" 77
"C:/Users/sulai/OneDrive/Desktop/BrackeysGameJam2020/Content/Materials/Instances/M_Stone_Inst.uasset" 78
"../../Plugins/FX/Niagara/Content/DefaultAssets/DefaultRIbbonMaterial.uasset" 79
"../../Plugins/FX/Niagara/Content/Functions/Emitter/EmitterChangeState.uasset" 80
"../../Plugins/FX/Niagara/Content/Enums/ENiagara_EmitterStateOptions.uasset" 81
"../../Plugins/FX/Niagara/Content/Enums/ENiagara_InfiniteLoopDuration.uasset" 82
"../../Plugins/FX/Niagara/Content/Enums/ENiagaraEmitterLifeCycleMode.uasset" 83
"../../Plugins/FX/Niagara/Content/Enums/ENiagaraEmitterScalabilityMode_Limited.uasset" 84
"../../Plugins/FX/Niagara/Content/Enums/ENiagaraExecutionStateManagement.uasset" 85
"../../Plugins/FX/Niagara/Content/Enums/ENiagaraInactiveMode.uasset" 86
"../../Plugins/FX/Niagara/Content/Modules/Emitter/EmitterState.uasset" 87
"../../Plugins/FX/Niagara/Content/Enums/ENiagaraRandomnessMode.uasset" 88
"../../Plugins/FX/Niagara/Content/Functions/GetRandomInfo.uasset" 89
"../../Plugins/FX/Niagara/Content/Functions/RandomRangeFloat.uasset" 90
"../../Plugins/FX/Niagara/Content/Modules/Emitter/SpawnRate.uasset" 91
"../../Plugins/FX/Niagara/Content/Functions/DirectionAndLengthSafe.uasset" 92
"../../Plugins/FX/Niagara/Content/Functions/Localspace/SimulationPosition.uasset" 93
"../../Plugins/FX/Niagara/Content/Modules/Solvers/SolveForcesAndVelocity.uasset" 94
"../../Plugins/FX/Niagara/Content/Modules/Spawn/Initialization/InitializeRibbon.uasset" 95
"../../Plugins/FX/Niagara/Content/Modules/Update/Lifetime/ParticleState.uasset" 96
"C:/Users/sulai/OneDrive/Desktop/BrackeysGameJam2020/Content/NiagaraEffects/NE_BallTrail.uasset" 97
"../../Plugins/FX/Niagara/Content/Functions/System/SystemChangeState.uasset" 98
"../../Plugins/FX/Niagara/Content/Enums/ENiagaraSystemInactiveMode.uasset" 99
"../../Plugins/FX/Niagara/Content/Modules/System/SystemState.uasset" 100
"C:/Users/sulai/OneDrive/Desktop/BrackeysGameJam2020/Content/NiagaraEffects/NS_BallTrail.uasset" 101
"C:/Users/sulai/OneDrive/Desktop/BrackeysGameJam2020/Content/UI/BP_GameOverUI.uasset" 102
"C:/Users/sulai/OneDrive/Desktop/BrackeysGameJam2020/Content/UI/Textures/03_separated_circle_0.uasset" 103
"C:/Users/sulai/OneDrive/Desktop/BrackeysGameJam2020/Content/UI/Textures/03_separated_circle_2_2x.uasset" 104
"C:/Users/sulai/OneDrive/Desktop/BrackeysGameJam2020/Content/UI/Textures/sprint__1_.uasset" 105
"C:/Users/sulai/OneDrive/Desktop/BrackeysGameJam2020/Content/WaveSpawner/Easy.uasset" 106
"C:/Users/sulai/OneDrive/Desktop/BrackeysGameJam2020/Content/AI/Animations/ALSRunBackwards.uasset" 107
"C:/Users/sulai/OneDrive/Desktop/BrackeysGameJam2020/Content/AI/Animations/ALSRunFL.uasset" 108
"C:/Users/sulai/OneDrive/Desktop/BrackeysGameJam2020/Content/AI/Animations/ALSRunFR.uasset" 109
"C:/Users/sulai/OneDrive/Desktop/BrackeysGameJam2020/Content/AI/Animations/BS_AIMovement.uasset" 110
"C:/Users/sulai/OneDrive/Desktop/BrackeysGameJam2020/Content/AI/Animations/Mannequin_AnimBP.uasset" 111
"C:/Users/sulai/OneDrive/Desktop/BrackeysGameJam2020/Content/AI/Animations/Throw1.uasset" 112
"C:/Users/sulai/OneDrive/Desktop/BrackeysGameJam2020/Content/AI/Animations/Throw_Montage.uasset" 113
"C:/Users/sulai/OneDrive/Desktop/BrackeysGameJam2020/Content/AI/AIBehavior/BB_BasicAI.uasset" 114
"C:/Users/sulai/OneDrive/Desktop/BrackeysGameJam2020/Content/AI/AIBehavior/BTD_DistanceToTarget.uasset" 115
"C:/Users/sulai/OneDrive/Desktop/BrackeysGameJam2020/Content/AI/AIBehavior/BTS_SetMovementSpeed.uasset" 116
"C:/Users/sulai/OneDrive/Desktop/BrackeysGameJam2020/Content/AI/Interfaces/AICombatInterface.uasset" 117
"C:/Users/sulai/OneDrive/Desktop/BrackeysGameJam2020/Content/AI/AIBehavior/BTT_AIAttack.uasset" 118
"C:/Users/sulai/OneDrive/Desktop/BrackeysGameJam2020/Content/AI/AIBehavior/BTT_FindRandomLocation.uasset" 119
"C:/Users/sulai/OneDrive/Desktop/BrackeysGameJam2020/Content/AI/AIBehavior/BTT_SetFocusTarget.uasset" 120
"C:/Users/sulai/OneDrive/Desktop/BrackeysGameJam2020/Content/AI/AIBehavior/EQSContext_FindPlayer.uasset" 121
"C:/Users/sulai/OneDrive/Desktop/BrackeysGameJam2020/Content/AI/AIBehavior/EQS_FindPosition.uasset" 122
"C:/Users/sulai/OneDrive/Desktop/BrackeysGameJam2020/Content/AI/AIBehavior/BT_BasicAI.uasset" 123
"../../../Engine/Content/EngineMaterials/DefaultMaterial.uasset" 124
"../../../Engine/Content/BasicShapes/Sphere.uasset" 125
"C:/Users/sulai/OneDrive/Desktop/BrackeysGameJam2020/Content/AI/BP_AIProjectile.uasset" 126
"C:/Users/sulai/OneDrive/Desktop/BrackeysGameJam2020/Content/Blueprints/WaveSystem/E_EnemyType.uasset" 127
"C:/Users/sulai/OneDrive/Desktop/BrackeysGameJam2020/Content/Blueprints/WaveSystem/BP_WaveSpawnPoint.uasset" 128
"C:/Users/sulai/OneDrive/Desktop/BrackeysGameJam2020/Content/Blueprints/WaveSystem/EnemyInfo.uasset" 129
"C:/Users/sulai/OneDrive/Desktop/BrackeysGameJam2020/Content/Blueprints/WaveSystem/WaveInfo.uasset" 130
"C:/Users/sulai/OneDrive/Desktop/BrackeysGameJam2020/Content/Blueprints/WaveSystem/WaveInfoDataTable-1.uasset" 131
"C:/Users/sulai/OneDrive/Desktop/BrackeysGameJam2020/Content/Blueprints/WaveSystem/BP_CountDownWidget.uasset" 132
"C:/Users/sulai/OneDrive/Desktop/BrackeysGameJam2020/Content/Blueprints/WaveSystem/BP_StartingWaveWidget.uasset" 133
"C:/Users/sulai/OneDrive/Desktop/BrackeysGameJam2020/Content/Blueprints/WaveSystem/BP_WaveNumberWidget.uasset" 134
"C:/Users/sulai/OneDrive/Desktop/BrackeysGameJam2020/Content/Blueprints/WaveSystem/BP_WaveManager.uasset" 135
"../../../Engine/Content/Functions/Engine_MaterialFunctions02/Utility/BlendAngleCorrectedNormals.uasset" 136
"../../../Engine/Content/Functions/MaterialLayerFunctions/MatLayerBlend_NormalBlend.uasset" 137
"../../../Engine/Content/Functions/MaterialLayerFunctions/MatLayerBlend_Simple.uasset" 138
"C:/Users/sulai/OneDrive/Desktop/BrackeysGameJam2020/Content/Mannequin/Character/Materials/MaterialLayers/T_ML_Rubber_Blue_01_D.uasset" 139
"C:/Users/sulai/OneDrive/Desktop/BrackeysGameJam2020/Content/Mannequin/Character/Materials/MaterialLayers/T_ML_Rubber_Blue_01_N.uasset" 140
"C:/Users/sulai/OneDrive/Desktop/BrackeysGameJam2020/Content/Mannequin/Character/Materials/MaterialLayers/ML_GlossyBlack_Latex_UE4.uasset" 141
"C:/Users/sulai/OneDrive/Desktop/BrackeysGameJam2020/Content/Mannequin/Character/Materials/MaterialLayers/ML_Plastic_Shiny_Beige.uasset" 142
"C:/Users/sulai/OneDrive/Desktop/BrackeysGameJam2020/Content/Mannequin/Character/Textures/UE4_LOGO_CARD.uasset" 143
"C:/Users/sulai/OneDrive/Desktop/BrackeysGameJam2020/Content/Mannequin/Character/Materials/MaterialLayers/ML_Plastic_Shiny_Beige_LOGO.uasset" 144
"C:/Users/sulai/OneDrive/Desktop/BrackeysGameJam2020/Content/Mannequin/Character/Materials/MaterialLayers/T_ML_Aluminum01.uasset" 145
"C:/Users/sulai/OneDrive/Desktop/BrackeysGameJam2020/Content/Mannequin/Character/Materials/MaterialLayers/T_ML_Aluminum01_N.uasset" 146
"C:/Users/sulai/OneDrive/Desktop/BrackeysGameJam2020/Content/Mannequin/Character/Materials/MaterialLayers/ML_SoftMetal_UE4.uasset" 147
"C:/Users/sulai/OneDrive/Desktop/BrackeysGameJam2020/Content/Mannequin/Character/Textures/UE4_Mannequin__normals.uasset" 148
"C:/Users/sulai/OneDrive/Desktop/BrackeysGameJam2020/Content/Mannequin/Character/Textures/UE4_Mannequin_MAT_MASKA.uasset" 149
"C:/Users/sulai/OneDrive/Desktop/BrackeysGameJam2020/Content/Mannequin/Character/Materials/M_UE4Man_Body.uasset" 150
"C:/Users/sulai/OneDrive/Desktop/BrackeysGameJam2020/Content/Mannequin/Character/Textures/UE4Man_Logo_N.uasset" 151
"C:/Users/sulai/OneDrive/Desktop/BrackeysGameJam2020/Content/Mannequin/Character/Materials/M_UE4Man_ChestLogo.uasset" 152
"C:/Users/sulai/OneDrive/Desktop/BrackeysGameJam2020/Content/Mannequin/Character/Mesh/SK_Mannequin_PhysicsAsset.uasset" 153
"C:/Users/sulai/OneDrive/Desktop/BrackeysGameJam2020/Content/Mannequin/Character/Mesh/SK_Mannequin.uasset" 154
"C:/Users/sulai/OneDrive/Desktop/BrackeysGameJam2020/Content/AI/BP_ThrowingEnemy.uasset" 155
"C:/Users/sulai/OneDrive/Desktop/BrackeysGameJam2020/Content/WaveSpawner/EnemySpawnPoint.uasset" 156
"../../../Engine/Content/Animation/DefaultAnimCurveCompressionSettings.uasset" 157
"../../../Engine/Content/ArtTools/RenderToTexture/Meshes/S_1_Unit_Plane.uasset" 158
"../../../Engine/Content/BasicShapes/Cone.uasset" 159
"../../../Engine/Content/BasicShapes/Cube.uasset" 160
"../../../Engine/Content/BasicShapes/Cylinder.uasset" 161
"../../../Engine/Content/BasicShapes/Plane.uasset" 162
"../../../Engine/Content/EditorLandscapeResources/DataLayer.uasset" 163
"../../../Engine/Content/EditorMaterials/MAT_Groups_Toggle.uasset" 164
"../../../Engine/Content/EditorMaterials/MAT_Groups_Visibility.uasset" 165
"../../../Engine/Content/EditorMaterials/PreviewShadowIndicator.uasset" 166
"../../../Engine/Content/EditorMaterials/PreviewShadowIndicatorMaterial.uasset" 167
"../../../Engine/Content/EditorMaterials/MatineeGroups/MAT_ColorTrack.uasset" 168
"../../../Engine/Content/EditorMaterials/MatineeGroups/MAT_Groups_Anim.uasset" 169
"../../../Engine/Content/EditorMaterials/MatineeGroups/MAT_Groups_AudioMaster.uasset" 170
"../../../Engine/Content/EditorMaterials/MatineeGroups/MAT_Groups_Director.uasset" 171
"../../../Engine/Content/EditorMaterials/MatineeGroups/MAT_Groups_Event.uasset" 172
"../../../Engine/Content/EditorMaterials/MatineeGroups/MAT_Groups_Fade.uasset" 173
"../../../Engine/Content/EditorMaterials/MatineeGroups/MAT_Groups_Float.uasset" 174
"../../../Engine/Content/EditorMaterials/MatineeGroups/MAT_Groups_Move.uasset" 175
"../../../Engine/Content/EditorMaterials/MatineeGroups/MAT_Groups_Slomo.uasset" 176
"../../../Engine/Content/EditorMaterials/MatineeGroups/MAT_Groups_Sound.uasset" 177
"../../../Engine/Content/EditorMaterials/MatineeGroups/MAT_Groups_Vector.uasset" 178
"../../../Engine/Content/EditorMaterials/ParticleSystems/PSysThumbnail_NoImage.uasset" 179
"../../../Engine/Content/EditorMaterials/ParticleSystems/PSysThumbnail_OOD.uasset" 180
"../../../Engine/Content/EditorMaterials/Camera/CineMat.uasset" 181
"../../../Engine/Content/EditorMaterials/Camera/MI_CineMat_Rig.uasset" 182
"../../../Engine/Content/EditorMeshes/Camera/SM_CraneRig_Arm.uasset" 183
"../../../Engine/Content/EditorMeshes/Camera/SM_CraneRig_Base.uasset" 184
"../../../Engine/Content/EditorMeshes/Camera/SM_CraneRig_Body.uasset" 185
"../../../Engine/Content/EditorMeshes/Camera/SM_CraneRig_Mount.uasset" 186
"../../../Engine/Content/EditorMeshes/Camera/SM_RailRig_Mount.uasset" 187
"../../../Engine/Content/EditorMeshes/Camera/SM_RailRig_Track.uasset" 188
"../../../Engine/Content/EditorResources/BSPVertex.uasset" 189
"../../../Engine/Content/EditorResources/EmptyActor.uasset" 190
"../../../Engine/Content/EditorResources/S_Actor.uasset" 191
"../../../Engine/Content/EditorResources/S_Note.uasset" 192
"../../../Engine/Content/EditorResources/S_Solver.uasset" 193
"../../../Engine/Content/EditorResources/S_Trigger.uasset" 194
"../../../Engine/Content/EditorResources/LightIcons/S_LightError.uasset" 195
"../../../Engine/Content/EditorResources/SequenceRecorder/Countdown.uasset" 196
"../../../Engine/Content/EditorResources/SequenceRecorder/RecordingIndicator.uasset" 197
"../../../Engine/Content/EditorSounds/Notifications/CompileFailed.uasset" 198
"../../../Engine/Content/EditorSounds/Notifications/CompileFailed_Cue.uasset" 199
"../../../Engine/Content/EditorSounds/Notifications/CompileSuccess.uasset" 200
"../../../Engine/Content/EditorSounds/Notifications/CompileStart_Cue.uasset" 201
"../../../Engine/Content/EditorSounds/Notifications/CompileSuccess_Cue.uasset" 202
"../../../Engine/Content/EngineDamageTypes/DmgTypeBP_Environmental.uasset" 203
"../../../Engine/Content/EngineDebugMaterials/DebugEditorMaterial.uasset" 204
"../../../Engine/Content/EngineDebugMaterials/DebugMeshMaterial.uasset" 205
"../../../Engine/Content/EngineDebugMaterials/M_SimpleUnlitTranslucent.uasset" 206
"../../../Engine/Content/Functions/Engine_MaterialFunctions02/Utility/CameraDirectionVector.uasset" 207
"../../../Engine/Content/EngineDebugMaterials/VolumeToRender.uasset" 208
"../../../Engine/Content/EngineDebugMaterials/M_VolumeRenderSphereTracePP.uasset" 209
"../../../Engine/Content/EngineDebugMaterials/WireframeMaterial.uasset" 210
"../../../Engine/Content/EngineFonts/Faces/DroidSansFallback.uasset" 211
"../../../Engine/Content/EngineFonts/Faces/RobotoBold.uasset" 212
"../../../Engine/Content/EngineFonts/Faces/RobotoBoldItalic.uasset" 213
"../../../Engine/Content/EngineFonts/Faces/RobotoItalic.uasset" 214
"../../../Engine/Content/EngineFonts/Faces/RobotoLight.uasset" 215
"../../../Engine/Content/EngineFonts/Faces/RobotoRegular.uasset" 216
"../../../Engine/Content/EngineFonts/Roboto.uasset" 217
"../../../Engine/Content/EngineMaterials/BaseFlattenDiffuseMap.uasset" 218
"../../../Engine/Content/EngineMaterials/BaseFlattenEmissiveMap.uasset" 219
"../../../Engine/Content/EngineMaterials/BaseFlattenGrayscaleMap.uasset" 220
"../../../Engine/Content/EngineMaterials/BaseFlattenNormalMap.uasset" 221
"../../../Engine/Content/EngineMaterials/BaseFlattenMaterial.uasset" 222
"../../../Engine/Content/EngineMaterials/BlueNoise.uasset" 223
"../../../Engine/Content/EngineMaterials/DefaultBloomKernel.uasset" 224
"../../../Engine/Content/EngineMaterials/DefaultBokeh.uasset" 225
"../../../Engine/Content/EngineMaterials/DefaultDiffuse.uasset" 226
"../../../Engine/Content/EngineMaterials/DefaultDeferredDecalMaterial.uasset" 227
"../../../Engine/Content/EngineMaterials/DefaultLightFunctionMaterial.uasset" 228
"../../../Engine/Content/EngineMaterials/DefaultPhysicalMaterial.uasset" 229
"../../../Engine/Content/Functions/Engine_MaterialFunctions02/Utility/BreakOutFloat2Components.uasset" 230
"../../../Engine/Content/EngineMaterials/DefaultPostProcessMaterial.uasset" 231
"../../../Engine/Content/EngineFonts/RobotoDistanceField.uasset" 232
"../../../Engine/Content/EngineMaterials/DefaultTextMaterialOpaque.uasset" 233
"../../../Engine/Content/EngineMaterials/DefaultWhiteGrid.uasset" 234
"../../../Engine/Content/EngineMaterials/DefaultWhiteGrid_Low.uasset" 235
"../../../Engine/Content/EngineMaterials/EmissiveMeshMaterial.uasset" 236
"../../../Engine/Content/EngineMaterials/GizmoMaterial.uasset" 237
"../../../Engine/Content/EngineMaterials/Good64x64TilingNoiseHighFreq.uasset" 238
"../../../Engine/Content/EngineMaterials/MiniFont.uasset" 239
"../../../Engine/Content/EngineMaterials/InvalidLightmapSettings.uasset" 240
"../../../Engine/Content/EngineMaterials/M_InvalidLightmapSettings.uasset" 241
"../../../Engine/Content/Functions/Engine_MaterialFunctions02/WorldPositionOffset/CameraOffset.uasset" 242
"../../../Engine/Content/EngineMaterials/PhAT_JointLimitMaterial.uasset" 243
"../../../Engine/Content/EngineMaterials/PreintegratedSkinBRDF.uasset" 244
"../../../Engine/Content/EngineMaterials/RemoveSurfaceMaterial.uasset" 245
"../../../Engine/Content/EngineMaterials/WeightMapPlaceholderTexture.uasset" 246
"../../../Engine/Content/EngineResources/WhiteSquareTexture.uasset" 247
"../../../Engine/Content/EngineMaterials/Widget3DPassThrough.uasset" 248
"../../../Engine/Content/EngineMaterials/Widget3DPassThrough_Masked.uasset" 249
"../../../Engine/Content/EngineMaterials/Widget3DPassThrough_Opaque.uasset" 250
"../../../Engine/Content/EngineMaterials/Widget3DPassThrough_Masked_OneSided.uasset" 251
"../../../Engine/Content/EngineMaterials/Widget3DPassThrough_Opaque_OneSided.uasset" 252
"../../../Engine/Content/EngineMaterials/Widget3DPassThrough_Translucent.uasset" 253
"../../../Engine/Content/EngineMaterials/Widget3DPassThrough_Translucent_OneSided.uasset" 254
"../../../Engine/Content/EngineMeshes/Cylinder.uasset" 255
"../../../Engine/Content/EngineResources/Black.uasset" 256
"../../../Engine/Content/EngineResources/DefaultTexture.uasset" 257
"../../../Engine/Content/EngineResources/DefaultTextureCube.uasset" 258
"../../../Engine/Content/EngineResources/DefaultVolumeTexture2D.uasset" 259
"../../../Engine/Content/EngineResources/DefaultVolumeTexture.uasset" 260
"../../../Engine/Content/EngineResources/GradientTexture0.uasset" 261
"../../../Engine/Content/EngineSounds/Master.uasset" 262
"../../../Engine/Content/Functions/Engine_MaterialFunctions01/Shading/ConvertFromDiffSpec.uasset" 263
"../../../Engine/Content/Functions/Engine_MaterialFunctions01/Shading/PowerToRoughness.uasset" 264
"../../../Engine/Content/Maps/Templates/Thumbnails/Default.uasset" 265
"../../../Engine/Content/Maps/Templates/Thumbnails/TimeOfDay.uasset" 266
"../../../Engine/Content/Maps/Templates/Thumbnails/VR-Basic.uasset" 267
"../../../Engine/Content/MobileResources/T_MobileControls_texture.uasset" 268
"../../../Engine/Content/MobileResources/T_MobileMenu2.uasset" 269
"../../../Engine/Content/MobileResources/HUD/AnalogHat.uasset" 270
"../../../Engine/Content/MobileResources/HUD/VirtualJoystick_Background.uasset" 271
"../../../Engine/Content/MobileResources/HUD/VirtualJoystick_Thumb.uasset" 272
"../../../Engine/Content/MobileResources/HUD/DefaultVirtualJoysticks.uasset" 273
"../../../Engine/Content/MobileResources/HUD/LeftVirtualJoystickOnly.uasset" 274
"../../../Engine/Content/MobileResources/HUD/MobileHUDButton1_off.uasset" 275
"../../../Engine/Content/MobileResources/HUD/MobileHUDButton1_on.uasset" 276
"../../../Engine/Content/MobileResources/HUD/MobileHUDButton2_off.uasset" 277
"../../../Engine/Content/MobileResources/HUD/MobileHUDButton2_on.uasset" 278
"../../../Engine/Content/MobileResources/HUD/MobileHUDButton3.uasset" 279
"../../../Engine/Content/MobileResources/HUD/MobileHUDButtonFire.uasset" 280
"../../../Engine/Content/MobileResources/HUD/MobileHUDDirectionPad.uasset" 281
"../../../Engine/Content/MobileResources/HUD/MobileHUDDirectionPad2.uasset" 282
"../../../Engine/Content/MobileResources/HUD/MobileHUDDirectionPad3.uasset" 283
"../../../Engine/Content/MobileResources/HUD/MobileHUDDirectionStick.uasset" 284
"../../../Engine/Content/MobileResources/HUD/T_Castle_ThumbstickInner.uasset" 285
"../../../Engine/Content/MobileResources/HUD/T_Castle_ThumbstickOutter.uasset" 286
"../../../Engine/Content/Tutorial/ContentIntroCurve.uasset" 287
"../../../Engine/Content/Tutorial/Basics/LevelEditorAttract.uasset" 288
"../../../Engine/Content/Tutorial/Basics/TutorialAssets/icon_tab_Levels_40x.uasset" 289
"../../../Engine/Content/Tutorial/Basics/LevelEditorOverview.uasset" 290
"../../../Engine/Content/Tutorial/Basics/TutorialAssets/CameraActor_64x.uasset" 291
"../../../Engine/Content/Tutorial/Basics/ViewportsTutorial.uasset" 292
"../../../Engine/Content/VREditor/LaserPointer/VR_LaserPower_01.uasset" 293
"../../../Engine/Content/VREditor/TransformGizmo/TransformGizmoMaterial.uasset" 294
"../../../Engine/Content/VREditor/TransformGizmo/TranslucentTransformGizmoMaterial.uasset" 295
"../../../Engine/Content/VREditor/TransformGizmo/BoundingBoxCorner.uasset" 296
"../../../Engine/Content/VREditor/TransformGizmo/BoundingBoxEdge.uasset" 297
"../../../Engine/Content/VREditor/TransformGizmo/PlaneTranslationHandle.uasset" 298
"../../../Engine/Content/VREditor/TransformGizmo/Main.uasset" 299
"../../../Engine/Content/VREditor/TransformGizmo/Xray.uasset" 300
"../../../Engine/Content/VREditor/TransformGizmo/SM_Sequencer_Key.uasset" 301
"../../../Engine/Content/VREditor/TransformGizmo/SM_Sequencer_Node.uasset" 302
"../../Plugins/2D/Paper2D/Content/PlaceholderTextures/DummySpriteTexture.uasset" 303
"../../Plugins/2D/Paper2D/Content/DummySprite.uasset" 304
"../../Plugins/2D/Paper2D/Content/DefaultPaperTerrainMaterial.uasset" 305
"../../Plugins/2D/Paper2D/Content/DefaultSpriteMaterial.uasset" 306
"../../Plugins/2D/Paper2D/Content/MaskedUnlitSpriteMaterial.uasset" 307
"../../Plugins/2D/Paper2D/Content/OpaqueUnlitSpriteMaterial.uasset" 308
"../../Plugins/FX/Niagara/Content/Enums/ENiagaraBooleanLogicOps.uasset" 309
"../../Plugins/FX/Niagara/Content/Enums/ENiagaraCoordinateSpace.uasset" 310
"../../Plugins/FX/Niagara/Content/Enums/ENiagaraExpansionMode.uasset" 311
"../../Plugins/FX/Niagara/Content/Enums/ENiagaraOrientationAxis.uasset" 312
"../../../Engine/Content/Functions/Engine_MaterialFunctions02/Utility/BreakOutFloat4Components.uasset" 313
"../../../Engine/Content/Functions/Engine_MaterialFunctions02/Utility/MakeFloat2.uasset" 314
"../../../Engine/Content/Functions/Engine_MaterialFunctions02/Utility/MakeFloat3.uasset" 315
"../../Plugins/Runtime/Oculus/OculusVR/Content/Materials/OculusMR_ChromaKey.uasset" 316
"../../Plugins/Runtime/Oculus/OculusVR/Content/Materials/OculusMR_ChromaKey_Lit.uasset" 317
"../../Plugins/Runtime/Oculus/OculusVR/Content/Materials/OculusMR_OpaqueColoredMaterial.uasset" 318
"../../Plugins/Runtime/Oculus/OculusVR/Content/Materials/OculusMR_WhiteMaterial.uasset" 319
"../../../Engine/Content/EngineSky/C_Sky_Cloud_Color.uasset" 320
"../../../Engine/Content/EngineSky/C_Sky_Horizon_Color.uasset" 321
"../../../Engine/Content/EngineSky/C_Sky_Zenith_Color.uasset" 322
"../../../Engine/Content/EngineSky/T_Sky_Blue.uasset" 323
"../../../Engine/Content/EngineSky/T_Sky_Clouds_M.uasset" 324
"../../../Engine/Content/EngineSky/T_Sky_Stars.uasset" 325
"../../../Engine/Content/EngineSky/M_Sky_Panning_Clouds2.uasset" 326
"../../../Engine/Content/EngineSky/SM_SkySphere.uasset" 327
"../../../Engine/Content/EngineSky/BP_Sky_Sphere.uasset" 328
"C:/Users/sulai/OneDrive/Desktop/BrackeysGameJam2020/Content/Assets/SM_FloorBase.uasset" 329
"C:/Users/sulai/OneDrive/Desktop/BrackeysGameJam2020/Content/Assets/SM_WallBase.uasset" 330
"C:/Users/sulai/OneDrive/Desktop/BrackeysGameJam2020/Content/Blueprints/WaveSystem/WaveMap.umap" 331
"C:/Users/sulai/OneDrive/Desktop/BrackeysGameJam2020/Content/Blueprints/BP_DamageField.uasset" 332
"C:/Users/sulai/OneDrive/Desktop/BrackeysGameJam2020/Content/_Levels/AITestMap_BuiltData.uasset" 333
"C:/Users/sulai/OneDrive/Desktop/BrackeysGameJam2020/Content/_Levels/AITestMap.umap" 334
"C:/Users/sulai/OneDrive/Desktop/BrackeysGameJam2020/Content/AI/JumpingNavLink.uasset" 335
"../../../Engine/Content/EngineMeshes/Cube.uasset" 336
"C:/Users/sulai/OneDrive/Desktop/BrackeysGameJam2020/Content/Blueprints/MovingPlatform.uasset" 337
"C:/Users/sulai/OneDrive/Desktop/BrackeysGameJam2020/Content/Blueprints/PlayerDamageCamShake.uasset" 338
"../../../Engine/Content/Functions/Engine_MaterialFunctions01/Gradient/SphereGradient-2D.uasset" 339
"../../../Engine/Content/Functions/Engine_MaterialFunctions02/Texturing/CustomRotator.uasset" 340
"../../../Engine/Content/Functions/Engine_MaterialFunctions02/Utility/VectorToRadialValue.uasset" 341
"C:/Users/sulai/OneDrive/Desktop/BrackeysGameJam2020/Content/Materials/M_HitCircle.uasset" 342
"C:/Users/sulai/OneDrive/Desktop/BrackeysGameJam2020/Content/Materials/M_HitCircle_Inst.uasset" 343
"C:/Users/sulai/OneDrive/Desktop/BrackeysGameJam2020/Content/UI/Textures/Crosshair.uasset" 344
"C:/Users/sulai/OneDrive/Desktop/BrackeysGameJam2020/Content/UI/Textures/Curveball.uasset" 345
"C:/Users/sulai/OneDrive/Desktop/BrackeysGameJam2020/Content/UI/Textures/ReturnBall.uasset" 346
"C:/Users/sulai/OneDrive/Desktop/BrackeysGameJam2020/Content/UI/Textures/sprint.uasset" 347
"C:/Users/sulai/OneDrive/Desktop/BrackeysGameJam2020/Content/UI/BP_PlayerUI.uasset" 348
"C:/Users/sulai/OneDrive/Desktop/BrackeysGameJam2020/Content/Blueprints/BP_Player.uasset" 349
"../../../Engine/Content/BasicShapes/BasicShapeMaterial.uasset" 350
"C:/Users/sulai/OneDrive/Desktop/BrackeysGameJam2020/Content/Blueprints/BP_DeathCamera.uasset" 351
"../../../Engine/Content/EngineFonts/Faces/DroidSansMono.uasset" 352
"../../../Engine/Content/EngineFonts/DroidSansMono.uasset" 353
"C:/Users/sulai/OneDrive/Desktop/BrackeysGameJam2020/Content/MainMenu/BP_QuitScreenWidget.uasset" 354
"C:/Users/sulai/OneDrive/Desktop/BrackeysGameJam2020/Content/Blueprints/BP_PlayerController.uasset" 355
"C:/Users/sulai/OneDrive/Desktop/BrackeysGameJam2020/Content/GameSettings/GameJamGameMode_BP.uasset" 356
"C:/Users/sulai/OneDrive/Desktop/BrackeysGameJam2020/Content/_Levels/Level1_BuiltData.uasset" 357
"C:/Users/sulai/OneDrive/Desktop/BrackeysGameJam2020/Content/_Levels/Level1.umap" 358
"C:/Users/sulai/OneDrive/Desktop/BrackeysGameJam2020/Content/MainMenuGameMode.uasset" 359
"C:/Users/sulai/OneDrive/Desktop/BrackeysGameJam2020/Content/_Levels/MenuScreen_BuiltData.uasset" 360
"C:/Users/sulai/OneDrive/Desktop/BrackeysGameJam2020/Content/MainMenu/BP_MainMenuWidget.uasset" 361
"C:/Users/sulai/OneDrive/Desktop/BrackeysGameJam2020/Content/_Levels/MenuScreen.umap" 362
"C:/Users/sulai/OneDrive/Desktop/BrackeysGameJam2020/Content/_Levels/Prototype1.umap" 363
"C:/Users/sulai/OneDrive/Desktop/BrackeysGameJam2020/Content/_Levels/TestMap1_BuiltData.uasset" 364
"C:/Users/sulai/OneDrive/Desktop/BrackeysGameJam2020/Content/_Levels/TestMap1.umap" 365
"C:/Users/sulai/OneDrive/Desktop/BrackeysGameJam2020/Content/_Levels/TestMap2AI_BuiltData.uasset" 366
"C:/Users/sulai/OneDrive/Desktop/BrackeysGameJam2020/Content/_Levels/TestMap2AI.umap" 367
"../../../Engine/Content/Maps/Entry_BuiltData.uasset" 368
"../../../Engine/Content/Maps/Entry.umap" 369
